<?xml version="1.0" encoding="UTF-8"?>
<testng-results skipped="0" failed="0" total="1" passed="1">
  <reporter-output>
  </reporter-output>
  <suite name="Default suite" duration-ms="6778" started-at="2017-10-09T14:18:03Z" finished-at="2017-10-09T14:18:10Z">
    <groups>
    </groups>
    <test name="Default test" duration-ms="6778" started-at="2017-10-09T14:18:03Z" finished-at="2017-10-09T14:18:10Z">
      <class name="com.testscripts.pageobjects.test.LoginPageTest">
        <test-method status="PASS" signature="initializeBaseSetUp(java.lang.String, java.lang.String)[pri:0, instance:com.testscripts.pageobjects.test.LoginPageTest@21bcffb5]" name="initializeBaseSetUp" is-config="true" duration-ms="3230" started-at="2017-10-09T19:48:03Z" finished-at="2017-10-09T19:48:07Z">
          <params>
            <param index="0">
              <value>
                <![CDATA[chrome]]>
              </value>
            </param>
            <param index="1">
              <value>
                <![CDATA[http://localhost:9090/OnlineExamination]]>
              </value>
            </param>
          </params>
          <reporter-output>
          </reporter-output>
        </test-method> <!-- initializeBaseSetUp -->
        <test-method status="PASS" signature="testLogin()[pri:0, instance:com.testscripts.pageobjects.test.LoginPageTest@21bcffb5]" name="testLogin" duration-ms="3530" started-at="2017-10-09T19:48:07Z" finished-at="2017-10-09T19:48:10Z">
          <reporter-output>
          </reporter-output>
        </test-method> <!-- testLogin -->
        <test-method status="PASS" signature="afterClass()[pri:0, instance:com.testscripts.pageobjects.test.LoginPageTest@21bcffb5]" name="afterClass" is-config="true" duration-ms="0" started-at="2017-10-09T19:48:10Z" finished-at="2017-10-09T19:48:10Z">
          <reporter-output>
          </reporter-output>
        </test-method> <!-- afterClass -->
      </class> <!-- com.testscripts.pageobjects.test.LoginPageTest -->
    </test> <!-- Default test -->
  </suite> <!-- Default suite -->
</testng-results>
